  [1m[36m (21.1ms)[0m  [1mCREATE TABLE "schema_migrations" ("version" character varying NOT NULL) [0m
  [1m[35m (3.7ms)[0m  CREATE UNIQUE INDEX  "unique_schema_migrations" ON "schema_migrations"  ("version")
  [1m[36mActiveRecord::SchemaMigration Load (0.6ms)[0m  [1mSELECT "schema_migrations".* FROM "schema_migrations"[0m
Migrating to CreateQuestions (20150323172318)
  [1m[35m (0.3ms)[0m  BEGIN
DEPRECATION WARNING: `#timestamp` was called without specifying an option for `null`. In Rails 5, this behavior will change to `null: false`. You should manually specify `null: true` to prevent the behavior of your existing migrations from changing. (called from block in change at /Users/macuser/Dropbox/challenges/rescue-mission/db/migrate/20150323172318_create_questions.rb:8)
  [1m[36m (8.2ms)[0m  [1mCREATE TABLE "questions" ("id" serial primary key, "title" character varying NOT NULL, "description" text, "user_id" integer NOT NULL, "created_at" timestamp, "updated_at" timestamp) [0m
  [1m[35mSQL (1.2ms)[0m  INSERT INTO "schema_migrations" ("version") VALUES ($1)  [["version", "20150323172318"]]
  [1m[36m (0.8ms)[0m  [1mCOMMIT[0m
Migrating to CreateAnswers (20150323172326)
  [1m[35m (0.5ms)[0m  BEGIN
DEPRECATION WARNING: `#timestamp` was called without specifying an option for `null`. In Rails 5, this behavior will change to `null: false`. You should manually specify `null: true` to prevent the behavior of your existing migrations from changing. (called from block in change at /Users/macuser/Dropbox/challenges/rescue-mission/db/migrate/20150323172326_create_answers.rb:8)
  [1m[36m (5.5ms)[0m  [1mCREATE TABLE "answers" ("id" serial primary key, "body" text NOT NULL, "user_id" integer NOT NULL, "question_id" integer NOT NULL, "created_at" timestamp, "updated_at" timestamp) [0m
  [1m[35mSQL (0.8ms)[0m  INSERT INTO "schema_migrations" ("version") VALUES ($1)  [["version", "20150323172326"]]
  [1m[36m (0.7ms)[0m  [1mCOMMIT[0m
Migrating to CreateUsers (20150323172333)
  [1m[35m (0.4ms)[0m  BEGIN
DEPRECATION WARNING: `#timestamp` was called without specifying an option for `null`. In Rails 5, this behavior will change to `null: false`. You should manually specify `null: true` to prevent the behavior of your existing migrations from changing. (called from block in change at /Users/macuser/Dropbox/challenges/rescue-mission/db/migrate/20150323172333_create_users.rb:10)
  [1m[36m (5.5ms)[0m  [1mCREATE TABLE "users" ("id" serial primary key, "provider" character varying NOT NULL, "uid" character varying NOT NULL, "username" character varying NOT NULL, "email" character varying, "avatar_url" character varying, "created_at" timestamp, "updated_at" timestamp) [0m
  [1m[35m (1.3ms)[0m  CREATE UNIQUE INDEX  "index_users_on_uid_and_provider" ON "users"  ("uid", "provider")
  [1m[36mSQL (0.5ms)[0m  [1mINSERT INTO "schema_migrations" ("version") VALUES ($1)[0m  [["version", "20150323172333"]]
  [1m[35m (1.0ms)[0m  COMMIT
  [1m[36mActiveRecord::SchemaMigration Load (0.5ms)[0m  [1mSELECT "schema_migrations".* FROM "schema_migrations"[0m
  [1m[35m (7.1ms)[0m  SELECT t2.oid::regclass::text AS to_table, a1.attname AS column, a2.attname AS primary_key, c.conname AS name, c.confupdtype AS on_update, c.confdeltype AS on_delete
FROM pg_constraint c
JOIN pg_class t1 ON c.conrelid = t1.oid
JOIN pg_class t2 ON c.confrelid = t2.oid
JOIN pg_attribute a1 ON a1.attnum = c.conkey[1] AND a1.attrelid = t1.oid
JOIN pg_attribute a2 ON a2.attnum = c.confkey[1] AND a2.attrelid = t2.oid
JOIN pg_namespace t3 ON c.connamespace = t3.oid
WHERE c.contype = 'f'
  AND t1.relname = 'answers'
  AND t3.nspname = ANY (current_schemas(false))
ORDER BY c.conname

  [1m[36m (4.7ms)[0m  [1mSELECT t2.oid::regclass::text AS to_table, a1.attname AS column, a2.attname AS primary_key, c.conname AS name, c.confupdtype AS on_update, c.confdeltype AS on_delete
FROM pg_constraint c
JOIN pg_class t1 ON c.conrelid = t1.oid
JOIN pg_class t2 ON c.confrelid = t2.oid
JOIN pg_attribute a1 ON a1.attnum = c.conkey[1] AND a1.attrelid = t1.oid
JOIN pg_attribute a2 ON a2.attnum = c.confkey[1] AND a2.attrelid = t2.oid
JOIN pg_namespace t3 ON c.connamespace = t3.oid
WHERE c.contype = 'f'
  AND t1.relname = 'questions'
  AND t3.nspname = ANY (current_schemas(false))
ORDER BY c.conname
[0m
  [1m[35m (4.7ms)[0m  SELECT t2.oid::regclass::text AS to_table, a1.attname AS column, a2.attname AS primary_key, c.conname AS name, c.confupdtype AS on_update, c.confdeltype AS on_delete
FROM pg_constraint c
JOIN pg_class t1 ON c.conrelid = t1.oid
JOIN pg_class t2 ON c.confrelid = t2.oid
JOIN pg_attribute a1 ON a1.attnum = c.conkey[1] AND a1.attrelid = t1.oid
JOIN pg_attribute a2 ON a2.attnum = c.confkey[1] AND a2.attrelid = t2.oid
JOIN pg_namespace t3 ON c.connamespace = t3.oid
WHERE c.contype = 'f'
  AND t1.relname = 'users'
  AND t3.nspname = ANY (current_schemas(false))
ORDER BY c.conname

  [1m[36mActiveRecord::SchemaMigration Load (0.7ms)[0m  [1mSELECT "schema_migrations".* FROM "schema_migrations"[0m
  [1m[35mActiveRecord::SchemaMigration Load (0.4ms)[0m  SELECT "schema_migrations".* FROM "schema_migrations"
Migrating to CreateUsers (20150323172333)
  [1m[36m (0.2ms)[0m  [1mBEGIN[0m
  [1m[35m (3.1ms)[0m  DROP INDEX "index_users_on_uid_and_provider"
  [1m[36m (2.5ms)[0m  [1mDROP TABLE "users"[0m
  [1m[35mSQL (1.1ms)[0m  DELETE FROM "schema_migrations" WHERE "schema_migrations"."version" = $1  [["version", "20150323172333"]]
  [1m[36m (2.2ms)[0m  [1mCOMMIT[0m
  [1m[35mActiveRecord::SchemaMigration Load (0.4ms)[0m  SELECT "schema_migrations".* FROM "schema_migrations"
  [1m[36m (5.3ms)[0m  [1mSELECT t2.oid::regclass::text AS to_table, a1.attname AS column, a2.attname AS primary_key, c.conname AS name, c.confupdtype AS on_update, c.confdeltype AS on_delete
FROM pg_constraint c
JOIN pg_class t1 ON c.conrelid = t1.oid
JOIN pg_class t2 ON c.confrelid = t2.oid
JOIN pg_attribute a1 ON a1.attnum = c.conkey[1] AND a1.attrelid = t1.oid
JOIN pg_attribute a2 ON a2.attnum = c.confkey[1] AND a2.attrelid = t2.oid
JOIN pg_namespace t3 ON c.connamespace = t3.oid
WHERE c.contype = 'f'
  AND t1.relname = 'answers'
  AND t3.nspname = ANY (current_schemas(false))
ORDER BY c.conname
[0m
  [1m[35m (4.9ms)[0m  SELECT t2.oid::regclass::text AS to_table, a1.attname AS column, a2.attname AS primary_key, c.conname AS name, c.confupdtype AS on_update, c.confdeltype AS on_delete
FROM pg_constraint c
JOIN pg_class t1 ON c.conrelid = t1.oid
JOIN pg_class t2 ON c.confrelid = t2.oid
JOIN pg_attribute a1 ON a1.attnum = c.conkey[1] AND a1.attrelid = t1.oid
JOIN pg_attribute a2 ON a2.attnum = c.confkey[1] AND a2.attrelid = t2.oid
JOIN pg_namespace t3 ON c.connamespace = t3.oid
WHERE c.contype = 'f'
  AND t1.relname = 'questions'
  AND t3.nspname = ANY (current_schemas(false))
ORDER BY c.conname

  [1m[36mActiveRecord::SchemaMigration Load (0.6ms)[0m  [1mSELECT "schema_migrations".* FROM "schema_migrations"[0m
Migrating to CreateUsers (20150323172333)
  [1m[35m (0.3ms)[0m  BEGIN
DEPRECATION WARNING: `#timestamp` was called without specifying an option for `null`. In Rails 5, this behavior will change to `null: false`. You should manually specify `null: true` to prevent the behavior of your existing migrations from changing. (called from block in change at /Users/macuser/Dropbox/challenges/rescue-mission/db/migrate/20150323172333_create_users.rb:10)
  [1m[36m (7.0ms)[0m  [1mCREATE TABLE "users" ("id" serial primary key, "provider" character varying NOT NULL, "uid" character varying NOT NULL, "username" character varying NOT NULL, "email" character varying, "avatar_url" character varying, "created_at" timestamp, "updated_at" timestamp) [0m
  [1m[35m (1.8ms)[0m  CREATE UNIQUE INDEX  "index_users_on_uid_and_provider" ON "users"  ("uid", "provider")
  [1m[36mSQL (0.4ms)[0m  [1mINSERT INTO "schema_migrations" ("version") VALUES ($1)[0m  [["version", "20150323172333"]]
  [1m[35m (0.8ms)[0m  COMMIT
  [1m[36mActiveRecord::SchemaMigration Load (0.5ms)[0m  [1mSELECT "schema_migrations".* FROM "schema_migrations"[0m
  [1m[35m (5.9ms)[0m  SELECT t2.oid::regclass::text AS to_table, a1.attname AS column, a2.attname AS primary_key, c.conname AS name, c.confupdtype AS on_update, c.confdeltype AS on_delete
FROM pg_constraint c
JOIN pg_class t1 ON c.conrelid = t1.oid
JOIN pg_class t2 ON c.confrelid = t2.oid
JOIN pg_attribute a1 ON a1.attnum = c.conkey[1] AND a1.attrelid = t1.oid
JOIN pg_attribute a2 ON a2.attnum = c.confkey[1] AND a2.attrelid = t2.oid
JOIN pg_namespace t3 ON c.connamespace = t3.oid
WHERE c.contype = 'f'
  AND t1.relname = 'answers'
  AND t3.nspname = ANY (current_schemas(false))
ORDER BY c.conname

  [1m[36m (5.6ms)[0m  [1mSELECT t2.oid::regclass::text AS to_table, a1.attname AS column, a2.attname AS primary_key, c.conname AS name, c.confupdtype AS on_update, c.confdeltype AS on_delete
FROM pg_constraint c
JOIN pg_class t1 ON c.conrelid = t1.oid
JOIN pg_class t2 ON c.confrelid = t2.oid
JOIN pg_attribute a1 ON a1.attnum = c.conkey[1] AND a1.attrelid = t1.oid
JOIN pg_attribute a2 ON a2.attnum = c.confkey[1] AND a2.attrelid = t2.oid
JOIN pg_namespace t3 ON c.connamespace = t3.oid
WHERE c.contype = 'f'
  AND t1.relname = 'questions'
  AND t3.nspname = ANY (current_schemas(false))
ORDER BY c.conname
[0m
  [1m[35m (4.5ms)[0m  SELECT t2.oid::regclass::text AS to_table, a1.attname AS column, a2.attname AS primary_key, c.conname AS name, c.confupdtype AS on_update, c.confdeltype AS on_delete
FROM pg_constraint c
JOIN pg_class t1 ON c.conrelid = t1.oid
JOIN pg_class t2 ON c.confrelid = t2.oid
JOIN pg_attribute a1 ON a1.attnum = c.conkey[1] AND a1.attrelid = t1.oid
JOIN pg_attribute a2 ON a2.attnum = c.confkey[1] AND a2.attrelid = t2.oid
JOIN pg_namespace t3 ON c.connamespace = t3.oid
WHERE c.contype = 'f'
  AND t1.relname = 'users'
  AND t3.nspname = ANY (current_schemas(false))
ORDER BY c.conname



Started GET "/" for ::1 at 2015-03-23 14:50:05 -0400
  [1m[36mActiveRecord::SchemaMigration Load (3.8ms)[0m  [1mSELECT "schema_migrations".* FROM "schema_migrations"[0m
Processing by Rails::WelcomeController#index as HTML
  Rendered /Users/macuser/.gem/ruby/2.0.0/gems/railties-4.2.1/lib/rails/templates/rails/welcome/index.html.erb (2.4ms)
Completed 200 OK in 12ms (Views: 11.9ms | ActiveRecord: 0.0ms)


Started GET "/" for ::1 at 2015-03-23 14:50:27 -0400
Processing by QuestionsController#index as HTML
  Rendered questions/index.html.erb within layouts/application (5.1ms)
Completed 500 Internal Server Error in 8ms (ActiveRecord: 0.0ms)

ActionView::Template::Error (undefined method `each' for nil:NilClass):
    1: <h1>Questions</h1>
    2: 
    3: <ul>
    4:   <% @questions.each do |question| %>
    5:     <li><%= link_to question.title, question.url %></li>
    6:   <% end %>
    7: </ul>
  app/views/questions/index.html.erb:4:in `_app_views_questions_index_html_erb___3529801744074208598_70327866462120'


  Rendered /Users/macuser/.gem/ruby/2.0.0/gems/actionpack-4.2.1/lib/action_dispatch/middleware/templates/rescues/_source.erb (6.7ms)
  Rendered /Users/macuser/.gem/ruby/2.0.0/gems/actionpack-4.2.1/lib/action_dispatch/middleware/templates/rescues/_trace.html.erb (5.0ms)
  Rendered /Users/macuser/.gem/ruby/2.0.0/gems/actionpack-4.2.1/lib/action_dispatch/middleware/templates/rescues/_request_and_response.html.erb (16.0ms)
  Rendered /Users/macuser/.gem/ruby/2.0.0/gems/actionpack-4.2.1/lib/action_dispatch/middleware/templates/rescues/template_error.html.erb within rescues/layout (50.4ms)
  Rendered /Users/macuser/.gem/ruby/2.0.0/gems/web-console-2.1.2/lib/web_console/templates/_markup.html.erb (0.7ms)
  Rendered /Users/macuser/.gem/ruby/2.0.0/gems/web-console-2.1.2/lib/web_console/templates/style.css.erb within layouts/inlined_string (0.6ms)
  Rendered /Users/macuser/.gem/ruby/2.0.0/gems/web-console-2.1.2/lib/web_console/templates/_inner_console_markup.html.erb within layouts/inlined_string (0.6ms)
  Rendered /Users/macuser/.gem/ruby/2.0.0/gems/web-console-2.1.2/lib/web_console/templates/_prompt_box_markup.html.erb within layouts/inlined_string (0.6ms)
  Rendered /Users/macuser/.gem/ruby/2.0.0/gems/web-console-2.1.2/lib/web_console/templates/console.js.erb within layouts/javascript (28.5ms)
  Rendered /Users/macuser/.gem/ruby/2.0.0/gems/web-console-2.1.2/lib/web_console/templates/main.js.erb within layouts/javascript (0.5ms)
  Rendered /Users/macuser/.gem/ruby/2.0.0/gems/web-console-2.1.2/lib/web_console/templates/error_page.js.erb within layouts/javascript (0.8ms)
  Rendered /Users/macuser/.gem/ruby/2.0.0/gems/web-console-2.1.2/lib/web_console/templates/index.html.erb (67.2ms)


Started GET "/" for ::1 at 2015-03-23 14:50:46 -0400
Processing by QuestionsController#index as HTML
Completed 500 Internal Server Error in 19ms (ActiveRecord: 0.0ms)

ArgumentError (Range unspecified. Specify the :in, :within, :maximum, :minimum, or :is option.):
  app/models/question.rb:5:in `<class:Question>'
  app/models/question.rb:1:in `<top (required)>'
  app/controllers/questions_controller.rb:3:in `index'


  Rendered /Users/macuser/.gem/ruby/2.0.0/gems/actionpack-4.2.1/lib/action_dispatch/middleware/templates/rescues/_source.erb (7.2ms)
  Rendered /Users/macuser/.gem/ruby/2.0.0/gems/actionpack-4.2.1/lib/action_dispatch/middleware/templates/rescues/_trace.html.erb (2.9ms)
  Rendered /Users/macuser/.gem/ruby/2.0.0/gems/actionpack-4.2.1/lib/action_dispatch/middleware/templates/rescues/_request_and_response.html.erb (1.3ms)
  Rendered /Users/macuser/.gem/ruby/2.0.0/gems/actionpack-4.2.1/lib/action_dispatch/middleware/templates/rescues/diagnostics.html.erb within rescues/layout (27.6ms)
  Rendered /Users/macuser/.gem/ruby/2.0.0/gems/web-console-2.1.2/lib/web_console/templates/_markup.html.erb (0.7ms)
  Rendered /Users/macuser/.gem/ruby/2.0.0/gems/web-console-2.1.2/lib/web_console/templates/style.css.erb within layouts/inlined_string (0.6ms)
  Rendered /Users/macuser/.gem/ruby/2.0.0/gems/web-console-2.1.2/lib/web_console/templates/_inner_console_markup.html.erb within layouts/inlined_string (0.3ms)
  Rendered /Users/macuser/.gem/ruby/2.0.0/gems/web-console-2.1.2/lib/web_console/templates/_prompt_box_markup.html.erb within layouts/inlined_string (0.5ms)
  Rendered /Users/macuser/.gem/ruby/2.0.0/gems/web-console-2.1.2/lib/web_console/templates/console.js.erb within layouts/javascript (80.0ms)
  Rendered /Users/macuser/.gem/ruby/2.0.0/gems/web-console-2.1.2/lib/web_console/templates/main.js.erb within layouts/javascript (0.3ms)
  Rendered /Users/macuser/.gem/ruby/2.0.0/gems/web-console-2.1.2/lib/web_console/templates/error_page.js.erb within layouts/javascript (0.4ms)
  Rendered /Users/macuser/.gem/ruby/2.0.0/gems/web-console-2.1.2/lib/web_console/templates/index.html.erb (100.3ms)


Started GET "/" for ::1 at 2015-03-23 14:51:33 -0400
Processing by QuestionsController#index as HTML
  [1m[35mQuestion Load (10.0ms)[0m  SELECT "questions".* FROM "questions"
  Rendered questions/index.html.erb within layouts/application (13.0ms)
Completed 200 OK in 257ms (Views: 242.2ms | ActiveRecord: 11.4ms)


Started GET "/assets/application-5266d2988799ecc8fe6e81eaab412e7d.css?body=1" for ::1 at 2015-03-23 14:51:33 -0400


Started GET "/assets/application-378c8739237292dbbedfcfe67f3185f0.js?body=1" for ::1 at 2015-03-23 14:51:33 -0400


Started GET "/assets/jquery_ujs-e27bd20a10d28155845a22d71ef94f2f.js?body=1" for ::1 at 2015-03-23 14:51:33 -0400


Started GET "/assets/jquery-87424c3c19e96d4fb033c10ebe21ec40.js?body=1" for ::1 at 2015-03-23 14:51:33 -0400
  [1m[36mActiveRecord::SchemaMigration Load (0.6ms)[0m  [1mSELECT "schema_migrations".* FROM "schema_migrations"[0m
  [1m[35m (0.3ms)[0m  BEGIN
  [1m[36m (0.3ms)[0m  [1mROLLBACK[0m
  [1m[35m (0.3ms)[0m  BEGIN
  [1m[36m (0.2ms)[0m  [1mROLLBACK[0m
  [1m[35m (0.2ms)[0m  BEGIN
  [1m[36m (0.2ms)[0m  [1mROLLBACK[0m
  [1m[35m (0.2ms)[0m  BEGIN
  [1m[36m (0.2ms)[0m  [1mROLLBACK[0m
  [1m[35m (0.2ms)[0m  BEGIN
  [1m[36m (0.2ms)[0m  [1mROLLBACK[0m
  [1m[35m (0.2ms)[0m  BEGIN
  [1m[36m (0.2ms)[0m  [1mROLLBACK[0m
  [1m[35m (0.2ms)[0m  BEGIN
  [1m[36m (0.2ms)[0m  [1mROLLBACK[0m
  [1m[35m (0.2ms)[0m  BEGIN
  [1m[36m (0.2ms)[0m  [1mROLLBACK[0m
  [1m[35m (0.2ms)[0m  BEGIN
  [1m[36m (0.2ms)[0m  [1mROLLBACK[0m
  [1m[35m (0.2ms)[0m  BEGIN
  [1m[36m (0.2ms)[0m  [1mROLLBACK[0m


Started GET "/" for ::1 at 2015-03-23 14:51:53 -0400
Processing by QuestionsController#index as HTML
  [1m[36mQuestion Load (0.5ms)[0m  [1mSELECT "questions".* FROM "questions"[0m
  Rendered questions/index.html.erb within layouts/application (1.3ms)
Completed 200 OK in 29ms (Views: 27.9ms | ActiveRecord: 0.5ms)


Started GET "/assets/application-5266d2988799ecc8fe6e81eaab412e7d.css?body=1" for ::1 at 2015-03-23 14:51:53 -0400


Started GET "/assets/jquery-87424c3c19e96d4fb033c10ebe21ec40.js?body=1" for ::1 at 2015-03-23 14:51:53 -0400


Started GET "/assets/jquery_ujs-e27bd20a10d28155845a22d71ef94f2f.js?body=1" for ::1 at 2015-03-23 14:51:53 -0400


Started GET "/assets/application-378c8739237292dbbedfcfe67f3185f0.js?body=1" for ::1 at 2015-03-23 14:51:53 -0400


Started GET "/" for ::1 at 2015-03-23 14:51:56 -0400
Processing by QuestionsController#index as HTML
  [1m[35mQuestion Load (0.4ms)[0m  SELECT "questions".* FROM "questions"
  Rendered questions/index.html.erb within layouts/application (0.9ms)
Completed 200 OK in 20ms (Views: 19.4ms | ActiveRecord: 0.4ms)


Started GET "/assets/application-5266d2988799ecc8fe6e81eaab412e7d.css?body=1" for ::1 at 2015-03-23 14:51:56 -0400


Started GET "/assets/jquery-87424c3c19e96d4fb033c10ebe21ec40.js?body=1" for ::1 at 2015-03-23 14:51:56 -0400


Started GET "/assets/application-378c8739237292dbbedfcfe67f3185f0.js?body=1" for ::1 at 2015-03-23 14:51:56 -0400


Started GET "/assets/jquery_ujs-e27bd20a10d28155845a22d71ef94f2f.js?body=1" for ::1 at 2015-03-23 14:51:56 -0400


Started GET "/" for ::1 at 2015-03-23 14:59:51 -0400
Processing by QuestionsController#index as HTML
  [1m[36mQuestion Load (0.4ms)[0m  [1mSELECT "questions".* FROM "questions"[0m
  Rendered questions/index.html.erb within layouts/application (0.9ms)
Completed 200 OK in 21ms (Views: 19.5ms | ActiveRecord: 0.4ms)


Started GET "/assets/application-5266d2988799ecc8fe6e81eaab412e7d.css?body=1" for ::1 at 2015-03-23 14:59:51 -0400


Started GET "/assets/jquery-87424c3c19e96d4fb033c10ebe21ec40.js?body=1" for ::1 at 2015-03-23 14:59:51 -0400


Started GET "/assets/jquery_ujs-e27bd20a10d28155845a22d71ef94f2f.js?body=1" for ::1 at 2015-03-23 14:59:51 -0400


Started GET "/assets/application-378c8739237292dbbedfcfe67f3185f0.js?body=1" for ::1 at 2015-03-23 14:59:51 -0400


Started GET "/" for ::1 at 2015-03-23 15:02:23 -0400
Processing by QuestionsController#index as HTML
  [1m[35mQuestion Load (0.4ms)[0m  SELECT "questions".* FROM "questions"
  Rendered questions/index.html.erb within layouts/application (0.8ms)
Completed 200 OK in 21ms (Views: 20.4ms | ActiveRecord: 0.4ms)


Started GET "/assets/application-5266d2988799ecc8fe6e81eaab412e7d.css?body=1" for ::1 at 2015-03-23 15:02:23 -0400


Started GET "/assets/jquery-87424c3c19e96d4fb033c10ebe21ec40.js?body=1" for ::1 at 2015-03-23 15:02:23 -0400


Started GET "/assets/application-378c8739237292dbbedfcfe67f3185f0.js?body=1" for ::1 at 2015-03-23 15:02:23 -0400


Started GET "/assets/jquery_ujs-e27bd20a10d28155845a22d71ef94f2f.js?body=1" for ::1 at 2015-03-23 15:02:23 -0400
  [1m[36mActiveRecord::SchemaMigration Load (1.0ms)[0m  [1mSELECT "schema_migrations".* FROM "schema_migrations"[0m
  [1m[35m (0.3ms)[0m  BEGIN
  [1m[36m (0.3ms)[0m  [1mROLLBACK[0m
  [1m[35m (0.3ms)[0m  BEGIN
  [1m[36m (0.2ms)[0m  [1mROLLBACK[0m
  [1m[35m (0.2ms)[0m  BEGIN
  [1m[36m (0.2ms)[0m  [1mROLLBACK[0m
  [1m[35m (0.2ms)[0m  BEGIN
  [1m[36m (0.2ms)[0m  [1mROLLBACK[0m
  [1m[35m (0.2ms)[0m  BEGIN
  [1m[36m (0.2ms)[0m  [1mROLLBACK[0m
  [1m[35m (0.2ms)[0m  BEGIN
  [1m[36m (0.2ms)[0m  [1mROLLBACK[0m
  [1m[35m (0.2ms)[0m  BEGIN
  [1m[36m (0.2ms)[0m  [1mROLLBACK[0m
  [1m[35m (0.2ms)[0m  BEGIN
  [1m[36m (0.2ms)[0m  [1mROLLBACK[0m
  [1m[35m (0.2ms)[0m  BEGIN
  [1m[36m (0.2ms)[0m  [1mROLLBACK[0m
  [1m[35m (0.2ms)[0m  BEGIN
  [1m[36m (0.2ms)[0m  [1mROLLBACK[0m


Started GET "/" for ::1 at 2015-03-23 15:06:48 -0400
Processing by QuestionsController#index as HTML
  [1m[36mQuestion Load (0.4ms)[0m  [1mSELECT "questions".* FROM "questions"[0m
  Rendered questions/index.html.erb within layouts/application (0.9ms)
Completed 200 OK in 23ms (Views: 22.0ms | ActiveRecord: 0.4ms)


Started GET "/assets/application-5266d2988799ecc8fe6e81eaab412e7d.css?body=1" for ::1 at 2015-03-23 15:06:48 -0400


Started GET "/assets/jquery-87424c3c19e96d4fb033c10ebe21ec40.js?body=1" for ::1 at 2015-03-23 15:06:48 -0400


Started GET "/assets/jquery_ujs-e27bd20a10d28155845a22d71ef94f2f.js?body=1" for ::1 at 2015-03-23 15:06:48 -0400


Started GET "/assets/application-378c8739237292dbbedfcfe67f3185f0.js?body=1" for ::1 at 2015-03-23 15:06:48 -0400
  [1m[36mActiveRecord::SchemaMigration Load (0.7ms)[0m  [1mSELECT "schema_migrations".* FROM "schema_migrations"[0m
  [1m[35m (0.3ms)[0m  BEGIN
  [1m[36mSQL (2.9ms)[0m  [1mINSERT INTO "users" ("provider", "uid", "username", "email", "created_at", "updated_at") VALUES ($1, $2, $3, $4, $5, $6) RETURNING "id"[0m  [["provider", "github"], ["uid", "9001"], ["username", "emanresu"], ["email", "emanresu@users.com"], ["created_at", "2015-03-23 19:08:15.316925"], ["updated_at", "2015-03-23 19:08:15.316925"]]
  [1m[35m (1.9ms)[0m  COMMIT
  [1m[36m (0.3ms)[0m  [1mBEGIN[0m
  [1m[35mUser Load (0.6ms)[0m  SELECT  "users".* FROM "users" WHERE "users"."id" = $1 LIMIT 1  [["id", 1]]
  [1m[36m (0.2ms)[0m  [1mROLLBACK[0m
  [1m[35m (0.2ms)[0m  BEGIN
  [1m[36mUser Load (0.4ms)[0m  [1mSELECT  "users".* FROM "users" WHERE "users"."id" = $1 LIMIT 1[0m  [["id", 1]]
  [1m[35m (0.2ms)[0m  ROLLBACK
  [1m[36m (0.2ms)[0m  [1mBEGIN[0m
  [1m[35mUser Load (0.4ms)[0m  SELECT  "users".* FROM "users" WHERE "users"."id" = $1 LIMIT 1  [["id", 1]]
  [1m[36m (0.2ms)[0m  [1mROLLBACK[0m
  [1m[35m (0.2ms)[0m  BEGIN
  [1m[36mUser Load (0.4ms)[0m  [1mSELECT  "users".* FROM "users" WHERE "users"."id" = $1 LIMIT 1[0m  [["id", 1]]
  [1m[35m (0.2ms)[0m  ROLLBACK
  [1m[36m (0.2ms)[0m  [1mBEGIN[0m
  [1m[35mUser Load (0.4ms)[0m  SELECT  "users".* FROM "users" WHERE "users"."id" = $1 LIMIT 1  [["id", 1]]
  [1m[36m (0.2ms)[0m  [1mROLLBACK[0m
  [1m[35m (0.2ms)[0m  BEGIN
  [1m[36mUser Load (0.4ms)[0m  [1mSELECT  "users".* FROM "users" WHERE "users"."id" = $1 LIMIT 1[0m  [["id", 1]]
  [1m[35m (0.2ms)[0m  ROLLBACK
  [1m[36m (0.2ms)[0m  [1mBEGIN[0m
  [1m[35mUser Load (0.3ms)[0m  SELECT  "users".* FROM "users" WHERE "users"."id" = $1 LIMIT 1  [["id", 1]]
  [1m[36m (0.2ms)[0m  [1mROLLBACK[0m
  [1m[35m (0.2ms)[0m  BEGIN
  [1m[36mUser Load (0.3ms)[0m  [1mSELECT  "users".* FROM "users" WHERE "users"."id" = $1 LIMIT 1[0m  [["id", 1]]
  [1m[35m (0.2ms)[0m  ROLLBACK
  [1m[36m (0.2ms)[0m  [1mBEGIN[0m
  [1m[35mUser Load (0.3ms)[0m  SELECT  "users".* FROM "users" WHERE "users"."id" = $1 LIMIT 1  [["id", 1]]
  [1m[36m (0.2ms)[0m  [1mROLLBACK[0m
  [1m[35m (0.2ms)[0m  BEGIN
  [1m[36mUser Load (0.3ms)[0m  [1mSELECT  "users".* FROM "users" WHERE "users"."id" = $1 LIMIT 1[0m  [["id", 1]]
  [1m[35m (0.2ms)[0m  ROLLBACK


Started GET "/" for ::1 at 2015-03-23 15:08:19 -0400
Processing by QuestionsController#index as HTML
  [1m[35mQuestion Load (0.4ms)[0m  SELECT "questions".* FROM "questions"
  Rendered questions/index.html.erb within layouts/application (1.0ms)
Completed 200 OK in 23ms (Views: 22.3ms | ActiveRecord: 0.4ms)


Started GET "/assets/application-5266d2988799ecc8fe6e81eaab412e7d.css?body=1" for ::1 at 2015-03-23 15:08:19 -0400


Started GET "/assets/jquery_ujs-e27bd20a10d28155845a22d71ef94f2f.js?body=1" for ::1 at 2015-03-23 15:08:19 -0400


Started GET "/assets/jquery-87424c3c19e96d4fb033c10ebe21ec40.js?body=1" for ::1 at 2015-03-23 15:08:19 -0400


Started GET "/assets/application-378c8739237292dbbedfcfe67f3185f0.js?body=1" for ::1 at 2015-03-23 15:08:19 -0400


Started GET "/" for ::1 at 2015-03-23 15:08:32 -0400
Processing by QuestionsController#index as HTML
  [1m[36mQuestion Load (0.7ms)[0m  [1mSELECT "questions".* FROM "questions"[0m
  Rendered questions/index.html.erb within layouts/application (1.2ms)
Completed 200 OK in 21ms (Views: 19.9ms | ActiveRecord: 0.7ms)


Started GET "/assets/jquery-87424c3c19e96d4fb033c10ebe21ec40.js?body=1" for ::1 at 2015-03-23 15:08:32 -0400


Started GET "/assets/application-5266d2988799ecc8fe6e81eaab412e7d.css?body=1" for ::1 at 2015-03-23 15:08:32 -0400


Started GET "/assets/application-378c8739237292dbbedfcfe67f3185f0.js?body=1" for ::1 at 2015-03-23 15:08:32 -0400


Started GET "/assets/jquery_ujs-e27bd20a10d28155845a22d71ef94f2f.js?body=1" for ::1 at 2015-03-23 15:08:32 -0400
  [1m[36mActiveRecord::SchemaMigration Load (0.6ms)[0m  [1mSELECT "schema_migrations".* FROM "schema_migrations"[0m
  [1m[35m (0.3ms)[0m  BEGIN
  [1m[36mSQL (63.5ms)[0m  [1mINSERT INTO "users" ("provider", "uid", "username", "email", "created_at", "updated_at") VALUES ($1, $2, $3, $4, $5, $6) RETURNING "id"[0m  [["provider", "github"], ["uid", "9001"], ["username", "emanresu"], ["email", "emanresu@users.com"], ["created_at", "2015-03-23 19:09:50.789699"], ["updated_at", "2015-03-23 19:09:50.789699"]]
PG::UniqueViolation: ERROR:  duplicate key value violates unique constraint "index_users_on_uid_and_provider"
DETAIL:  Key (uid, provider)=(9001, github) already exists.
: INSERT INTO "users" ("provider", "uid", "username", "email", "created_at", "updated_at") VALUES ($1, $2, $3, $4, $5, $6) RETURNING "id"
  [1m[35m (0.3ms)[0m  ROLLBACK
  [1m[36mActiveRecord::SchemaMigration Load (0.7ms)[0m  [1mSELECT "schema_migrations".* FROM "schema_migrations"[0m
  [1m[35m (0.3ms)[0m  BEGIN
  [1m[36mSQL (59.5ms)[0m  [1mINSERT INTO "users" ("provider", "uid", "username", "email", "created_at", "updated_at") VALUES ($1, $2, $3, $4, $5, $6) RETURNING "id"[0m  [["provider", "github"], ["uid", "9001"], ["username", "emanresu"], ["email", "emanresu@users.com"], ["created_at", "2015-03-23 19:10:21.136084"], ["updated_at", "2015-03-23 19:10:21.136084"]]
PG::UniqueViolation: ERROR:  duplicate key value violates unique constraint "index_users_on_uid_and_provider"
DETAIL:  Key (uid, provider)=(9001, github) already exists.
: INSERT INTO "users" ("provider", "uid", "username", "email", "created_at", "updated_at") VALUES ($1, $2, $3, $4, $5, $6) RETURNING "id"
  [1m[35m (0.3ms)[0m  ROLLBACK
  [1m[36m (5047.2ms)[0m  [1mDROP DATABASE IF EXISTS "rescue_mission_development"[0m
PG::ObjectInUse: ERROR:  database "rescue_mission_development" is being accessed by other users
DETAIL:  There is 1 other session using the database.
: DROP DATABASE IF EXISTS "rescue_mission_development"
  [1m[35m (123.3ms)[0m  DROP DATABASE IF EXISTS "rescue_mission_test"
  [1m[36m (1.0ms)[0m  [1mCREATE DATABASE "rescue_mission_development" ENCODING = 'unicode'[0m
PG::DuplicateDatabase: ERROR:  database "rescue_mission_development" already exists
: CREATE DATABASE "rescue_mission_development" ENCODING = 'unicode'
  [1m[35m (455.0ms)[0m  CREATE DATABASE "rescue_mission_test" ENCODING = 'unicode'
  [1m[36mSQL (2.2ms)[0m  [1mCREATE EXTENSION IF NOT EXISTS "plpgsql"[0m
  [1m[35m (14.3ms)[0m  DROP TABLE "answers" CASCADE
  [1m[36m (27.2ms)[0m  [1mCREATE TABLE "answers" ("id" serial primary key, "body" text NOT NULL, "user_id" integer NOT NULL, "question_id" integer NOT NULL, "created_at" timestamp, "updated_at" timestamp) [0m
  [1m[35m (3.1ms)[0m  DROP TABLE "questions" CASCADE
  [1m[36m (5.7ms)[0m  [1mCREATE TABLE "questions" ("id" serial primary key, "title" character varying NOT NULL, "description" text, "user_id" integer NOT NULL, "created_at" timestamp, "updated_at" timestamp) [0m
  [1m[35m (3.4ms)[0m  DROP TABLE "users" CASCADE
  [1m[36m (6.7ms)[0m  [1mCREATE TABLE "users" ("id" serial primary key, "provider" character varying NOT NULL, "uid" character varying NOT NULL, "username" character varying NOT NULL, "email" character varying, "avatar_url" character varying, "created_at" timestamp, "updated_at" timestamp) [0m
  [1m[35m (2.0ms)[0m  CREATE UNIQUE INDEX  "index_users_on_uid_and_provider" ON "users" USING btree ("uid", "provider")
  [1m[36m (0.9ms)[0m  [1mSELECT version FROM "schema_migrations"[0m
  [1m[35mSQL (0.5ms)[0m  CREATE EXTENSION IF NOT EXISTS "plpgsql"
  [1m[36m (7.9ms)[0m  [1mCREATE TABLE "answers" ("id" serial primary key, "body" text NOT NULL, "user_id" integer NOT NULL, "question_id" integer NOT NULL, "created_at" timestamp, "updated_at" timestamp) [0m
  [1m[35m (6.4ms)[0m  CREATE TABLE "questions" ("id" serial primary key, "title" character varying NOT NULL, "description" text, "user_id" integer NOT NULL, "created_at" timestamp, "updated_at" timestamp) 
  [1m[36m (4.4ms)[0m  [1mCREATE TABLE "users" ("id" serial primary key, "provider" character varying NOT NULL, "uid" character varying NOT NULL, "username" character varying NOT NULL, "email" character varying, "avatar_url" character varying, "created_at" timestamp, "updated_at" timestamp) [0m
  [1m[35m (2.0ms)[0m  CREATE UNIQUE INDEX  "index_users_on_uid_and_provider" ON "users" USING btree ("uid", "provider")
  [1m[36m (3.1ms)[0m  [1mCREATE TABLE "schema_migrations" ("version" character varying NOT NULL) [0m
  [1m[35m (1.6ms)[0m  CREATE UNIQUE INDEX  "unique_schema_migrations" ON "schema_migrations"  ("version")
  [1m[36m (0.7ms)[0m  [1mSELECT version FROM "schema_migrations"[0m
  [1m[35m (0.8ms)[0m  INSERT INTO "schema_migrations" (version) VALUES ('20150323172333')
  [1m[36m (0.7ms)[0m  [1mINSERT INTO "schema_migrations" (version) VALUES ('20150323172318')[0m
  [1m[35m (0.7ms)[0m  INSERT INTO "schema_migrations" (version) VALUES ('20150323172326')
  [1m[36mActiveRecord::SchemaMigration Load (0.6ms)[0m  [1mSELECT "schema_migrations".* FROM "schema_migrations"[0m
  [1m[35m (0.3ms)[0m  BEGIN
  [1m[36mSQL (0.9ms)[0m  [1mINSERT INTO "users" ("provider", "uid", "username", "email", "created_at", "updated_at") VALUES ($1, $2, $3, $4, $5, $6) RETURNING "id"[0m  [["provider", "github"], ["uid", "9001"], ["username", "emanresu"], ["email", "emanresu@users.com"], ["created_at", "2015-03-23 19:10:46.188807"], ["updated_at", "2015-03-23 19:10:46.188807"]]
  [1m[35m (0.6ms)[0m  COMMIT
  [1m[36m (0.3ms)[0m  [1mBEGIN[0m
  [1m[35mUser Load (0.7ms)[0m  SELECT  "users".* FROM "users" WHERE "users"."id" = $1 LIMIT 1  [["id", 1]]
  [1m[36m (0.3ms)[0m  [1mROLLBACK[0m
  [1m[35m (0.2ms)[0m  BEGIN
  [1m[36mUser Load (0.5ms)[0m  [1mSELECT  "users".* FROM "users" WHERE "users"."id" = $1 LIMIT 1[0m  [["id", 1]]
  [1m[35m (0.2ms)[0m  ROLLBACK
  [1m[36m (0.2ms)[0m  [1mBEGIN[0m
  [1m[35mUser Load (0.4ms)[0m  SELECT  "users".* FROM "users" WHERE "users"."id" = $1 LIMIT 1  [["id", 1]]
  [1m[36m (0.2ms)[0m  [1mROLLBACK[0m
  [1m[35m (0.2ms)[0m  BEGIN
  [1m[36mUser Load (0.5ms)[0m  [1mSELECT  "users".* FROM "users" WHERE "users"."id" = $1 LIMIT 1[0m  [["id", 1]]
  [1m[35m (0.2ms)[0m  ROLLBACK
  [1m[36m (0.2ms)[0m  [1mBEGIN[0m
  [1m[35mUser Load (0.4ms)[0m  SELECT  "users".* FROM "users" WHERE "users"."id" = $1 LIMIT 1  [["id", 1]]
  [1m[36m (0.2ms)[0m  [1mROLLBACK[0m
  [1m[35m (0.2ms)[0m  BEGIN
  [1m[36mUser Load (0.4ms)[0m  [1mSELECT  "users".* FROM "users" WHERE "users"."id" = $1 LIMIT 1[0m  [["id", 1]]
  [1m[35m (0.2ms)[0m  ROLLBACK
  [1m[36m (0.2ms)[0m  [1mBEGIN[0m
  [1m[35mUser Load (0.3ms)[0m  SELECT  "users".* FROM "users" WHERE "users"."id" = $1 LIMIT 1  [["id", 1]]
  [1m[36m (0.5ms)[0m  [1mROLLBACK[0m
  [1m[35m (0.2ms)[0m  BEGIN
  [1m[36mUser Load (0.4ms)[0m  [1mSELECT  "users".* FROM "users" WHERE "users"."id" = $1 LIMIT 1[0m  [["id", 1]]
  [1m[35m (0.3ms)[0m  ROLLBACK
  [1m[36m (0.2ms)[0m  [1mBEGIN[0m
  [1m[35mUser Load (0.3ms)[0m  SELECT  "users".* FROM "users" WHERE "users"."id" = $1 LIMIT 1  [["id", 1]]
  [1m[36m (0.4ms)[0m  [1mROLLBACK[0m
  [1m[35m (0.2ms)[0m  BEGIN
  [1m[36mUser Load (0.4ms)[0m  [1mSELECT  "users".* FROM "users" WHERE "users"."id" = $1 LIMIT 1[0m  [["id", 1]]
  [1m[35m (0.2ms)[0m  ROLLBACK


Started GET "/" for ::1 at 2015-03-23 15:10:50 -0400
Processing by QuestionsController#index as HTML
  [1m[35mQuestion Load (1.1ms)[0m  SELECT "questions".* FROM "questions"
  Rendered questions/index.html.erb within layouts/application (4.2ms)
Completed 200 OK in 30ms (Views: 22.7ms | ActiveRecord: 2.6ms)


Started GET "/assets/application-5266d2988799ecc8fe6e81eaab412e7d.css?body=1" for ::1 at 2015-03-23 15:10:50 -0400


Started GET "/assets/jquery-87424c3c19e96d4fb033c10ebe21ec40.js?body=1" for ::1 at 2015-03-23 15:10:50 -0400


Started GET "/assets/application-378c8739237292dbbedfcfe67f3185f0.js?body=1" for ::1 at 2015-03-23 15:10:50 -0400


Started GET "/assets/jquery_ujs-e27bd20a10d28155845a22d71ef94f2f.js?body=1" for ::1 at 2015-03-23 15:10:50 -0400
  [1m[36m (5039.7ms)[0m  [1mDROP DATABASE IF EXISTS "rescue_mission_development"[0m
PG::ObjectInUse: ERROR:  database "rescue_mission_development" is being accessed by other users
DETAIL:  There is 1 other session using the database.
: DROP DATABASE IF EXISTS "rescue_mission_development"
  [1m[35m (122.1ms)[0m  DROP DATABASE IF EXISTS "rescue_mission_test"
  [1m[36m (0.7ms)[0m  [1mCREATE DATABASE "rescue_mission_development" ENCODING = 'unicode'[0m
PG::DuplicateDatabase: ERROR:  database "rescue_mission_development" already exists
: CREATE DATABASE "rescue_mission_development" ENCODING = 'unicode'
  [1m[35m (240.5ms)[0m  CREATE DATABASE "rescue_mission_test" ENCODING = 'unicode'
  [1m[36mSQL (0.4ms)[0m  [1mCREATE EXTENSION IF NOT EXISTS "plpgsql"[0m
  [1m[35m (4.7ms)[0m  DROP TABLE "answers" CASCADE
  [1m[36m (7.5ms)[0m  [1mCREATE TABLE "answers" ("id" serial primary key, "body" text NOT NULL, "user_id" integer NOT NULL, "question_id" integer NOT NULL, "created_at" timestamp, "updated_at" timestamp) [0m
  [1m[35m (2.4ms)[0m  DROP TABLE "questions" CASCADE
  [1m[36m (5.3ms)[0m  [1mCREATE TABLE "questions" ("id" serial primary key, "title" character varying NOT NULL, "description" text, "user_id" integer NOT NULL, "created_at" timestamp, "updated_at" timestamp) [0m
  [1m[35m (2.9ms)[0m  DROP TABLE "users" CASCADE
  [1m[36m (6.1ms)[0m  [1mCREATE TABLE "users" ("id" serial primary key, "provider" character varying NOT NULL, "uid" character varying NOT NULL, "username" character varying NOT NULL, "email" character varying, "avatar_url" character varying, "created_at" timestamp, "updated_at" timestamp) [0m
  [1m[35m (1.9ms)[0m  CREATE UNIQUE INDEX  "index_users_on_uid_and_provider" ON "users" USING btree ("uid", "provider")
  [1m[36m (0.7ms)[0m  [1mSELECT version FROM "schema_migrations"[0m
  [1m[35mSQL (0.5ms)[0m  CREATE EXTENSION IF NOT EXISTS "plpgsql"
  [1m[36m (8.0ms)[0m  [1mCREATE TABLE "answers" ("id" serial primary key, "body" text NOT NULL, "user_id" integer NOT NULL, "question_id" integer NOT NULL, "created_at" timestamp, "updated_at" timestamp) [0m
  [1m[35m (7.3ms)[0m  CREATE TABLE "questions" ("id" serial primary key, "title" character varying NOT NULL, "description" text, "user_id" integer NOT NULL, "created_at" timestamp, "updated_at" timestamp) 
  [1m[36m (4.9ms)[0m  [1mCREATE TABLE "users" ("id" serial primary key, "provider" character varying NOT NULL, "uid" character varying NOT NULL, "username" character varying NOT NULL, "email" character varying, "avatar_url" character varying, "created_at" timestamp, "updated_at" timestamp) [0m
  [1m[35m (2.5ms)[0m  CREATE UNIQUE INDEX  "index_users_on_uid_and_provider" ON "users" USING btree ("uid", "provider")
  [1m[36m (2.8ms)[0m  [1mCREATE TABLE "schema_migrations" ("version" character varying NOT NULL) [0m
  [1m[35m (1.3ms)[0m  CREATE UNIQUE INDEX  "unique_schema_migrations" ON "schema_migrations"  ("version")
  [1m[36m (0.5ms)[0m  [1mSELECT version FROM "schema_migrations"[0m
  [1m[35m (0.7ms)[0m  INSERT INTO "schema_migrations" (version) VALUES ('20150323172333')
  [1m[36m (0.6ms)[0m  [1mINSERT INTO "schema_migrations" (version) VALUES ('20150323172318')[0m
  [1m[35m (0.7ms)[0m  INSERT INTO "schema_migrations" (version) VALUES ('20150323172326')
  [1m[36mActiveRecord::SchemaMigration Load (0.8ms)[0m  [1mSELECT "schema_migrations".* FROM "schema_migrations"[0m
  [1m[35m (0.3ms)[0m  BEGIN
  [1m[36mSQL (1.0ms)[0m  [1mINSERT INTO "users" ("provider", "uid", "username", "email", "created_at", "updated_at") VALUES ($1, $2, $3, $4, $5, $6) RETURNING "id"[0m  [["provider", "github"], ["uid", "9001"], ["username", "emanresu"], ["email", "emanresu@users.com"], ["created_at", "2015-03-23 19:12:46.197848"], ["updated_at", "2015-03-23 19:12:46.197848"]]
  [1m[35m (0.6ms)[0m  COMMIT
  [1m[36m (0.3ms)[0m  [1mBEGIN[0m
  [1m[35mUser Load (0.6ms)[0m  SELECT  "users".* FROM "users" WHERE "users"."id" = $1 LIMIT 1  [["id", 1]]
  [1m[36mSQL (1.0ms)[0m  [1mINSERT INTO "questions" ("title", "description", "user_id", "created_at", "updated_at") VALUES ($1, $2, $3, $4, $5) RETURNING "id"[0m  [["title", "Question1 New Question Question1 New Question Question1 New Question"], ["description", "Lorem ipsum dolor sit amet, consectetur adipiscing elit. Nullam nec tellus augue. Phasellus posuere leo turpis, ac facilisis sem mollis et. Pellentesque leo velit, vulputate sed nibh eget, tristique sodales sem. Vestibulum commodo dolor bibendum consequat rutrum. Sed euismod vestibulum lectus. Aliquam tempor ornare lacus, nec semper leo bibendum id. Aenean dictum mollis ligula ac imperdiet. Sed consectetur turpis a ex semper posuere. Sed aliquam justo tempor arcu pretium, nec porttitor neque placerat. Nullam eros quam, imperdiet a mattis eu, finibus at nisi. Vivamus mauris odio, laoreet ac feugiat eu, imperdiet ac enim. Curabitur dui risus, maximus ultrices scelerisque vel, pretium fermentum arcu. Aliquam quis ultricies quam. Curabitur ullamcorper augue in lacus pellentesque facilisis. Sed ac fringilla erat. Proin sit amet mauris nec elit mattis tempor non vitae odio."], ["user_id", 1], ["created_at", "2015-03-23 19:12:46.230800"], ["updated_at", "2015-03-23 19:12:46.230800"]]
  [1m[35m (0.5ms)[0m  COMMIT
  [1m[36m (0.2ms)[0m  [1mBEGIN[0m
  [1m[35mUser Load (0.4ms)[0m  SELECT  "users".* FROM "users" WHERE "users"."id" = $1 LIMIT 1  [["id", 1]]
  [1m[36mSQL (0.4ms)[0m  [1mINSERT INTO "questions" ("title", "description", "user_id", "created_at", "updated_at") VALUES ($1, $2, $3, $4, $5) RETURNING "id"[0m  [["title", "Question2 New Question Question2 New Question Question2 New Question"], ["description", "Lorem ipsum dolor sit amet, consectetur adipiscing elit. Nullam nec tellus augue. Phasellus posuere leo turpis, ac facilisis sem mollis et. Pellentesque leo velit, vulputate sed nibh eget, tristique sodales sem. Vestibulum commodo dolor bibendum consequat rutrum. Sed euismod vestibulum lectus. Aliquam tempor ornare lacus, nec semper leo bibendum id. Aenean dictum mollis ligula ac imperdiet. Sed consectetur turpis a ex semper posuere. Sed aliquam justo tempor arcu pretium, nec porttitor neque placerat. Nullam eros quam, imperdiet a mattis eu, finibus at nisi. Vivamus mauris odio, laoreet ac feugiat eu, imperdiet ac enim. Curabitur dui risus, maximus ultrices scelerisque vel, pretium fermentum arcu. Aliquam quis ultricies quam. Curabitur ullamcorper augue in lacus pellentesque facilisis. Sed ac fringilla erat. Proin sit amet mauris nec elit mattis tempor non vitae odio."], ["user_id", 1], ["created_at", "2015-03-23 19:12:46.236506"], ["updated_at", "2015-03-23 19:12:46.236506"]]
  [1m[35m (0.5ms)[0m  COMMIT
  [1m[36m (0.2ms)[0m  [1mBEGIN[0m
  [1m[35mUser Load (0.4ms)[0m  SELECT  "users".* FROM "users" WHERE "users"."id" = $1 LIMIT 1  [["id", 1]]
  [1m[36mSQL (0.4ms)[0m  [1mINSERT INTO "questions" ("title", "description", "user_id", "created_at", "updated_at") VALUES ($1, $2, $3, $4, $5) RETURNING "id"[0m  [["title", "Question3 New Question Question3 New Question Question3 New Question"], ["description", "Lorem ipsum dolor sit amet, consectetur adipiscing elit. Nullam nec tellus augue. Phasellus posuere leo turpis, ac facilisis sem mollis et. Pellentesque leo velit, vulputate sed nibh eget, tristique sodales sem. Vestibulum commodo dolor bibendum consequat rutrum. Sed euismod vestibulum lectus. Aliquam tempor ornare lacus, nec semper leo bibendum id. Aenean dictum mollis ligula ac imperdiet. Sed consectetur turpis a ex semper posuere. Sed aliquam justo tempor arcu pretium, nec porttitor neque placerat. Nullam eros quam, imperdiet a mattis eu, finibus at nisi. Vivamus mauris odio, laoreet ac feugiat eu, imperdiet ac enim. Curabitur dui risus, maximus ultrices scelerisque vel, pretium fermentum arcu. Aliquam quis ultricies quam. Curabitur ullamcorper augue in lacus pellentesque facilisis. Sed ac fringilla erat. Proin sit amet mauris nec elit mattis tempor non vitae odio."], ["user_id", 1], ["created_at", "2015-03-23 19:12:46.240501"], ["updated_at", "2015-03-23 19:12:46.240501"]]
  [1m[35m (0.6ms)[0m  COMMIT
  [1m[36m (0.2ms)[0m  [1mBEGIN[0m
  [1m[35mUser Load (0.5ms)[0m  SELECT  "users".* FROM "users" WHERE "users"."id" = $1 LIMIT 1  [["id", 1]]
  [1m[36mSQL (0.4ms)[0m  [1mINSERT INTO "questions" ("title", "description", "user_id", "created_at", "updated_at") VALUES ($1, $2, $3, $4, $5) RETURNING "id"[0m  [["title", "Question4 New Question Question4 New Question Question4 New Question"], ["description", "Lorem ipsum dolor sit amet, consectetur adipiscing elit. Nullam nec tellus augue. Phasellus posuere leo turpis, ac facilisis sem mollis et. Pellentesque leo velit, vulputate sed nibh eget, tristique sodales sem. Vestibulum commodo dolor bibendum consequat rutrum. Sed euismod vestibulum lectus. Aliquam tempor ornare lacus, nec semper leo bibendum id. Aenean dictum mollis ligula ac imperdiet. Sed consectetur turpis a ex semper posuere. Sed aliquam justo tempor arcu pretium, nec porttitor neque placerat. Nullam eros quam, imperdiet a mattis eu, finibus at nisi. Vivamus mauris odio, laoreet ac feugiat eu, imperdiet ac enim. Curabitur dui risus, maximus ultrices scelerisque vel, pretium fermentum arcu. Aliquam quis ultricies quam. Curabitur ullamcorper augue in lacus pellentesque facilisis. Sed ac fringilla erat. Proin sit amet mauris nec elit mattis tempor non vitae odio."], ["user_id", 1], ["created_at", "2015-03-23 19:12:46.244970"], ["updated_at", "2015-03-23 19:12:46.244970"]]
  [1m[35m (0.5ms)[0m  COMMIT
  [1m[36m (0.3ms)[0m  [1mBEGIN[0m
  [1m[35mUser Load (0.7ms)[0m  SELECT  "users".* FROM "users" WHERE "users"."id" = $1 LIMIT 1  [["id", 1]]
  [1m[36mSQL (0.4ms)[0m  [1mINSERT INTO "questions" ("title", "description", "user_id", "created_at", "updated_at") VALUES ($1, $2, $3, $4, $5) RETURNING "id"[0m  [["title", "Question5 New Question Question5 New Question Question5 New Question"], ["description", "Lorem ipsum dolor sit amet, consectetur adipiscing elit. Nullam nec tellus augue. Phasellus posuere leo turpis, ac facilisis sem mollis et. Pellentesque leo velit, vulputate sed nibh eget, tristique sodales sem. Vestibulum commodo dolor bibendum consequat rutrum. Sed euismod vestibulum lectus. Aliquam tempor ornare lacus, nec semper leo bibendum id. Aenean dictum mollis ligula ac imperdiet. Sed consectetur turpis a ex semper posuere. Sed aliquam justo tempor arcu pretium, nec porttitor neque placerat. Nullam eros quam, imperdiet a mattis eu, finibus at nisi. Vivamus mauris odio, laoreet ac feugiat eu, imperdiet ac enim. Curabitur dui risus, maximus ultrices scelerisque vel, pretium fermentum arcu. Aliquam quis ultricies quam. Curabitur ullamcorper augue in lacus pellentesque facilisis. Sed ac fringilla erat. Proin sit amet mauris nec elit mattis tempor non vitae odio."], ["user_id", 1], ["created_at", "2015-03-23 19:12:46.250063"], ["updated_at", "2015-03-23 19:12:46.250063"]]
  [1m[35m (0.6ms)[0m  COMMIT
  [1m[36m (0.2ms)[0m  [1mBEGIN[0m
  [1m[35mUser Load (0.4ms)[0m  SELECT  "users".* FROM "users" WHERE "users"."id" = $1 LIMIT 1  [["id", 1]]
  [1m[36mSQL (0.4ms)[0m  [1mINSERT INTO "questions" ("title", "description", "user_id", "created_at", "updated_at") VALUES ($1, $2, $3, $4, $5) RETURNING "id"[0m  [["title", "Question6 New Question Question6 New Question Question6 New Question"], ["description", "Lorem ipsum dolor sit amet, consectetur adipiscing elit. Nullam nec tellus augue. Phasellus posuere leo turpis, ac facilisis sem mollis et. Pellentesque leo velit, vulputate sed nibh eget, tristique sodales sem. Vestibulum commodo dolor bibendum consequat rutrum. Sed euismod vestibulum lectus. Aliquam tempor ornare lacus, nec semper leo bibendum id. Aenean dictum mollis ligula ac imperdiet. Sed consectetur turpis a ex semper posuere. Sed aliquam justo tempor arcu pretium, nec porttitor neque placerat. Nullam eros quam, imperdiet a mattis eu, finibus at nisi. Vivamus mauris odio, laoreet ac feugiat eu, imperdiet ac enim. Curabitur dui risus, maximus ultrices scelerisque vel, pretium fermentum arcu. Aliquam quis ultricies quam. Curabitur ullamcorper augue in lacus pellentesque facilisis. Sed ac fringilla erat. Proin sit amet mauris nec elit mattis tempor non vitae odio."], ["user_id", 1], ["created_at", "2015-03-23 19:12:46.253826"], ["updated_at", "2015-03-23 19:12:46.253826"]]
  [1m[35m (0.5ms)[0m  COMMIT
  [1m[36m (0.2ms)[0m  [1mBEGIN[0m
  [1m[35mUser Load (0.3ms)[0m  SELECT  "users".* FROM "users" WHERE "users"."id" = $1 LIMIT 1  [["id", 1]]
  [1m[36mSQL (0.3ms)[0m  [1mINSERT INTO "questions" ("title", "description", "user_id", "created_at", "updated_at") VALUES ($1, $2, $3, $4, $5) RETURNING "id"[0m  [["title", "Question7 New Question Question7 New Question Question7 New Question"], ["description", "Lorem ipsum dolor sit amet, consectetur adipiscing elit. Nullam nec tellus augue. Phasellus posuere leo turpis, ac facilisis sem mollis et. Pellentesque leo velit, vulputate sed nibh eget, tristique sodales sem. Vestibulum commodo dolor bibendum consequat rutrum. Sed euismod vestibulum lectus. Aliquam tempor ornare lacus, nec semper leo bibendum id. Aenean dictum mollis ligula ac imperdiet. Sed consectetur turpis a ex semper posuere. Sed aliquam justo tempor arcu pretium, nec porttitor neque placerat. Nullam eros quam, imperdiet a mattis eu, finibus at nisi. Vivamus mauris odio, laoreet ac feugiat eu, imperdiet ac enim. Curabitur dui risus, maximus ultrices scelerisque vel, pretium fermentum arcu. Aliquam quis ultricies quam. Curabitur ullamcorper augue in lacus pellentesque facilisis. Sed ac fringilla erat. Proin sit amet mauris nec elit mattis tempor non vitae odio."], ["user_id", 1], ["created_at", "2015-03-23 19:12:46.257323"], ["updated_at", "2015-03-23 19:12:46.257323"]]
  [1m[35m (0.5ms)[0m  COMMIT
  [1m[36m (0.2ms)[0m  [1mBEGIN[0m
  [1m[35mUser Load (0.2ms)[0m  SELECT  "users".* FROM "users" WHERE "users"."id" = $1 LIMIT 1  [["id", 1]]
  [1m[36mSQL (0.3ms)[0m  [1mINSERT INTO "questions" ("title", "description", "user_id", "created_at", "updated_at") VALUES ($1, $2, $3, $4, $5) RETURNING "id"[0m  [["title", "Question8 New Question Question8 New Question Question8 New Question"], ["description", "Lorem ipsum dolor sit amet, consectetur adipiscing elit. Nullam nec tellus augue. Phasellus posuere leo turpis, ac facilisis sem mollis et. Pellentesque leo velit, vulputate sed nibh eget, tristique sodales sem. Vestibulum commodo dolor bibendum consequat rutrum. Sed euismod vestibulum lectus. Aliquam tempor ornare lacus, nec semper leo bibendum id. Aenean dictum mollis ligula ac imperdiet. Sed consectetur turpis a ex semper posuere. Sed aliquam justo tempor arcu pretium, nec porttitor neque placerat. Nullam eros quam, imperdiet a mattis eu, finibus at nisi. Vivamus mauris odio, laoreet ac feugiat eu, imperdiet ac enim. Curabitur dui risus, maximus ultrices scelerisque vel, pretium fermentum arcu. Aliquam quis ultricies quam. Curabitur ullamcorper augue in lacus pellentesque facilisis. Sed ac fringilla erat. Proin sit amet mauris nec elit mattis tempor non vitae odio."], ["user_id", 1], ["created_at", "2015-03-23 19:12:46.260856"], ["updated_at", "2015-03-23 19:12:46.260856"]]
  [1m[35m (0.5ms)[0m  COMMIT
  [1m[36m (0.2ms)[0m  [1mBEGIN[0m
  [1m[35mUser Load (0.2ms)[0m  SELECT  "users".* FROM "users" WHERE "users"."id" = $1 LIMIT 1  [["id", 1]]
  [1m[36mSQL (0.7ms)[0m  [1mINSERT INTO "questions" ("title", "description", "user_id", "created_at", "updated_at") VALUES ($1, $2, $3, $4, $5) RETURNING "id"[0m  [["title", "Question9 New Question Question9 New Question Question9 New Question"], ["description", "Lorem ipsum dolor sit amet, consectetur adipiscing elit. Nullam nec tellus augue. Phasellus posuere leo turpis, ac facilisis sem mollis et. Pellentesque leo velit, vulputate sed nibh eget, tristique sodales sem. Vestibulum commodo dolor bibendum consequat rutrum. Sed euismod vestibulum lectus. Aliquam tempor ornare lacus, nec semper leo bibendum id. Aenean dictum mollis ligula ac imperdiet. Sed consectetur turpis a ex semper posuere. Sed aliquam justo tempor arcu pretium, nec porttitor neque placerat. Nullam eros quam, imperdiet a mattis eu, finibus at nisi. Vivamus mauris odio, laoreet ac feugiat eu, imperdiet ac enim. Curabitur dui risus, maximus ultrices scelerisque vel, pretium fermentum arcu. Aliquam quis ultricies quam. Curabitur ullamcorper augue in lacus pellentesque facilisis. Sed ac fringilla erat. Proin sit amet mauris nec elit mattis tempor non vitae odio."], ["user_id", 1], ["created_at", "2015-03-23 19:12:46.264314"], ["updated_at", "2015-03-23 19:12:46.264314"]]
  [1m[35m (0.5ms)[0m  COMMIT
  [1m[36m (0.2ms)[0m  [1mBEGIN[0m
  [1m[35mUser Load (0.3ms)[0m  SELECT  "users".* FROM "users" WHERE "users"."id" = $1 LIMIT 1  [["id", 1]]
  [1m[36mSQL (0.3ms)[0m  [1mINSERT INTO "questions" ("title", "description", "user_id", "created_at", "updated_at") VALUES ($1, $2, $3, $4, $5) RETURNING "id"[0m  [["title", "Question10 New Question Question10 New Question Question10 New Question"], ["description", "Lorem ipsum dolor sit amet, consectetur adipiscing elit. Nullam nec tellus augue. Phasellus posuere leo turpis, ac facilisis sem mollis et. Pellentesque leo velit, vulputate sed nibh eget, tristique sodales sem. Vestibulum commodo dolor bibendum consequat rutrum. Sed euismod vestibulum lectus. Aliquam tempor ornare lacus, nec semper leo bibendum id. Aenean dictum mollis ligula ac imperdiet. Sed consectetur turpis a ex semper posuere. Sed aliquam justo tempor arcu pretium, nec porttitor neque placerat. Nullam eros quam, imperdiet a mattis eu, finibus at nisi. Vivamus mauris odio, laoreet ac feugiat eu, imperdiet ac enim. Curabitur dui risus, maximus ultrices scelerisque vel, pretium fermentum arcu. Aliquam quis ultricies quam. Curabitur ullamcorper augue in lacus pellentesque facilisis. Sed ac fringilla erat. Proin sit amet mauris nec elit mattis tempor non vitae odio."], ["user_id", 1], ["created_at", "2015-03-23 19:12:46.268438"], ["updated_at", "2015-03-23 19:12:46.268438"]]
  [1m[35m (0.5ms)[0m  COMMIT


Started GET "/" for ::1 at 2015-03-23 15:12:50 -0400
Processing by QuestionsController#index as HTML
  [1m[36mQuestion Load (1.0ms)[0m  [1mSELECT "questions".* FROM "questions"[0m
  Rendered questions/index.html.erb within layouts/application (16.1ms)
Completed 500 Internal Server Error in 19ms (ActiveRecord: 4.7ms)

ActionView::Template::Error (undefined method `url' for #<Question:0x007fecf83eb2b8>):
    2: 
    3: <ul>
    4:   <% @questions.each do |question| %>
    5:     <li><%= link_to question.title, question.url %></li>
    6:   <% end %>
    7: </ul>
  app/views/questions/index.html.erb:5:in `block in _app_views_questions_index_html_erb___3529801744074208598_70327866462120'
  app/views/questions/index.html.erb:4:in `_app_views_questions_index_html_erb___3529801744074208598_70327866462120'


  Rendered /Users/macuser/.gem/ruby/2.0.0/gems/actionpack-4.2.1/lib/action_dispatch/middleware/templates/rescues/_source.erb (7.5ms)
  Rendered /Users/macuser/.gem/ruby/2.0.0/gems/actionpack-4.2.1/lib/action_dispatch/middleware/templates/rescues/_trace.html.erb (66.2ms)
  Rendered /Users/macuser/.gem/ruby/2.0.0/gems/actionpack-4.2.1/lib/action_dispatch/middleware/templates/rescues/_request_and_response.html.erb (2.3ms)
  Rendered /Users/macuser/.gem/ruby/2.0.0/gems/actionpack-4.2.1/lib/action_dispatch/middleware/templates/rescues/template_error.html.erb within rescues/layout (97.4ms)
  Rendered /Users/macuser/.gem/ruby/2.0.0/gems/web-console-2.1.2/lib/web_console/templates/_markup.html.erb (0.7ms)
  Rendered /Users/macuser/.gem/ruby/2.0.0/gems/web-console-2.1.2/lib/web_console/templates/style.css.erb within layouts/inlined_string (0.5ms)
  Rendered /Users/macuser/.gem/ruby/2.0.0/gems/web-console-2.1.2/lib/web_console/templates/_inner_console_markup.html.erb within layouts/inlined_string (0.6ms)
  Rendered /Users/macuser/.gem/ruby/2.0.0/gems/web-console-2.1.2/lib/web_console/templates/_prompt_box_markup.html.erb within layouts/inlined_string (0.6ms)
  Rendered /Users/macuser/.gem/ruby/2.0.0/gems/web-console-2.1.2/lib/web_console/templates/console.js.erb within layouts/javascript (27.7ms)
  Rendered /Users/macuser/.gem/ruby/2.0.0/gems/web-console-2.1.2/lib/web_console/templates/main.js.erb within layouts/javascript (0.6ms)
  Rendered /Users/macuser/.gem/ruby/2.0.0/gems/web-console-2.1.2/lib/web_console/templates/error_page.js.erb within layouts/javascript (0.6ms)
  Rendered /Users/macuser/.gem/ruby/2.0.0/gems/web-console-2.1.2/lib/web_console/templates/index.html.erb (60.8ms)


Started GET "/" for ::1 at 2015-03-23 15:13:23 -0400
Processing by QuestionsController#index as HTML
  [1m[35mQuestion Load (0.5ms)[0m  SELECT "questions".* FROM "questions"
  Rendered questions/index.html.erb within layouts/application (4.4ms)
Completed 500 Internal Server Error in 7ms (ActiveRecord: 0.5ms)

ActionView::Template::Error (undefined method `to_model' for 1:Fixnum):
    2: 
    3: <ul>
    4:   <% @questions.each do |question| %>
    5:     <li><%= link_to question.title, question.id %></li>
    6:   <% end %>
    7: </ul>
  app/views/questions/index.html.erb:5:in `block in _app_views_questions_index_html_erb___3529801744074208598_70327866280860'
  app/views/questions/index.html.erb:4:in `_app_views_questions_index_html_erb___3529801744074208598_70327866280860'


  Rendered /Users/macuser/.gem/ruby/2.0.0/gems/actionpack-4.2.1/lib/action_dispatch/middleware/templates/rescues/_source.erb (6.2ms)
  Rendered /Users/macuser/.gem/ruby/2.0.0/gems/actionpack-4.2.1/lib/action_dispatch/middleware/templates/rescues/_trace.html.erb (3.5ms)
  Rendered /Users/macuser/.gem/ruby/2.0.0/gems/actionpack-4.2.1/lib/action_dispatch/middleware/templates/rescues/_request_and_response.html.erb (1.3ms)
  Rendered /Users/macuser/.gem/ruby/2.0.0/gems/actionpack-4.2.1/lib/action_dispatch/middleware/templates/rescues/template_error.html.erb within rescues/layout (24.5ms)
  Rendered /Users/macuser/.gem/ruby/2.0.0/gems/web-console-2.1.2/lib/web_console/templates/_markup.html.erb (0.4ms)
  Rendered /Users/macuser/.gem/ruby/2.0.0/gems/web-console-2.1.2/lib/web_console/templates/style.css.erb within layouts/inlined_string (0.4ms)
  Rendered /Users/macuser/.gem/ruby/2.0.0/gems/web-console-2.1.2/lib/web_console/templates/_inner_console_markup.html.erb within layouts/inlined_string (0.3ms)
  Rendered /Users/macuser/.gem/ruby/2.0.0/gems/web-console-2.1.2/lib/web_console/templates/_prompt_box_markup.html.erb within layouts/inlined_string (0.3ms)
  Rendered /Users/macuser/.gem/ruby/2.0.0/gems/web-console-2.1.2/lib/web_console/templates/console.js.erb within layouts/javascript (15.5ms)
  Rendered /Users/macuser/.gem/ruby/2.0.0/gems/web-console-2.1.2/lib/web_console/templates/main.js.erb within layouts/javascript (0.4ms)
  Rendered /Users/macuser/.gem/ruby/2.0.0/gems/web-console-2.1.2/lib/web_console/templates/error_page.js.erb within layouts/javascript (0.6ms)
  Rendered /Users/macuser/.gem/ruby/2.0.0/gems/web-console-2.1.2/lib/web_console/templates/index.html.erb (33.5ms)


Started GET "/" for ::1 at 2015-03-23 15:14:54 -0400
Processing by QuestionsController#index as HTML
  [1m[36mQuestion Load (0.5ms)[0m  [1mSELECT "questions".* FROM "questions"[0m
  Rendered questions/index.html.erb within layouts/application (3.9ms)
Completed 200 OK in 34ms (Views: 33.0ms | ActiveRecord: 0.5ms)


Started GET "/assets/application-5266d2988799ecc8fe6e81eaab412e7d.css?body=1" for ::1 at 2015-03-23 15:14:55 -0400


Started GET "/assets/jquery_ujs-e27bd20a10d28155845a22d71ef94f2f.js?body=1" for ::1 at 2015-03-23 15:14:55 -0400


Started GET "/assets/jquery-87424c3c19e96d4fb033c10ebe21ec40.js?body=1" for ::1 at 2015-03-23 15:14:55 -0400


Started GET "/assets/application-378c8739237292dbbedfcfe67f3185f0.js?body=1" for ::1 at 2015-03-23 15:14:55 -0400


Started GET "/" for ::1 at 2015-03-23 15:24:05 -0400
Processing by QuestionsController#index as HTML
  [1m[35mQuestion Load (12.5ms)[0m  SELECT "questions".* FROM "questions"
  Rendered questions/index.html.erb within layouts/application (17.2ms)
Completed 200 OK in 56ms (Views: 42.3ms | ActiveRecord: 12.5ms)


Started GET "/assets/application-5266d2988799ecc8fe6e81eaab412e7d.css?body=1" for ::1 at 2015-03-23 15:24:05 -0400


Started GET "/assets/jquery-87424c3c19e96d4fb033c10ebe21ec40.js?body=1" for ::1 at 2015-03-23 15:24:05 -0400


Started GET "/assets/jquery_ujs-e27bd20a10d28155845a22d71ef94f2f.js?body=1" for ::1 at 2015-03-23 15:24:05 -0400


Started GET "/assets/application-378c8739237292dbbedfcfe67f3185f0.js?body=1" for ::1 at 2015-03-23 15:24:05 -0400


Started GET "/" for ::1 at 2015-03-23 15:24:07 -0400
Processing by QuestionsController#index as HTML
  [1m[36mQuestion Load (0.5ms)[0m  [1mSELECT "questions".* FROM "questions"[0m
  Rendered questions/index.html.erb within layouts/application (2.3ms)
Completed 200 OK in 25ms (Views: 23.7ms | ActiveRecord: 0.5ms)


Started GET "/assets/jquery-87424c3c19e96d4fb033c10ebe21ec40.js?body=1" for ::1 at 2015-03-23 15:24:07 -0400


Started GET "/assets/application-5266d2988799ecc8fe6e81eaab412e7d.css?body=1" for ::1 at 2015-03-23 15:24:07 -0400


Started GET "/assets/jquery_ujs-e27bd20a10d28155845a22d71ef94f2f.js?body=1" for ::1 at 2015-03-23 15:24:07 -0400


Started GET "/assets/application-378c8739237292dbbedfcfe67f3185f0.js?body=1" for ::1 at 2015-03-23 15:24:07 -0400


Started GET "/" for ::1 at 2015-03-23 15:27:29 -0400
Processing by QuestionsController#index as HTML
  [1m[35mQuestion Load (0.5ms)[0m  SELECT "questions".* FROM "questions"
  Rendered questions/index.html.erb within layouts/application (30.3ms)
Completed 200 OK in 128ms (Views: 101.4ms | ActiveRecord: 20.8ms)


Started GET "/assets/application-5266d2988799ecc8fe6e81eaab412e7d.css?body=1" for ::1 at 2015-03-23 15:27:30 -0400


Started GET "/assets/jquery-87424c3c19e96d4fb033c10ebe21ec40.js?body=1" for ::1 at 2015-03-23 15:27:30 -0400


Started GET "/assets/jquery_ujs-e27bd20a10d28155845a22d71ef94f2f.js?body=1" for ::1 at 2015-03-23 15:27:30 -0400


Started GET "/assets/application-378c8739237292dbbedfcfe67f3185f0.js?body=1" for ::1 at 2015-03-23 15:27:30 -0400


Started GET "/" for ::1 at 2015-03-23 15:27:32 -0400
Processing by QuestionsController#index as HTML
  [1m[36mQuestion Load (0.5ms)[0m  [1mSELECT "questions".* FROM "questions"[0m
  Rendered questions/index.html.erb within layouts/application (3.7ms)
Completed 200 OK in 38ms (Views: 37.3ms | ActiveRecord: 0.5ms)


Started GET "/assets/application-5266d2988799ecc8fe6e81eaab412e7d.css?body=1" for ::1 at 2015-03-23 15:27:32 -0400


Started GET "/assets/jquery-87424c3c19e96d4fb033c10ebe21ec40.js?body=1" for ::1 at 2015-03-23 15:27:32 -0400


Started GET "/assets/jquery_ujs-e27bd20a10d28155845a22d71ef94f2f.js?body=1" for ::1 at 2015-03-23 15:27:32 -0400


Started GET "/assets/application-378c8739237292dbbedfcfe67f3185f0.js?body=1" for ::1 at 2015-03-23 15:27:32 -0400


Started GET "/" for ::1 at 2015-03-23 15:29:03 -0400
Processing by QuestionsController#index as HTML
  [1m[35mQuestion Load (0.5ms)[0m  SELECT "questions".* FROM "questions"
  Rendered questions/index.html.erb within layouts/application (3.1ms)
Completed 200 OK in 26ms (Views: 24.8ms | ActiveRecord: 0.5ms)


Started GET "/assets/application-5266d2988799ecc8fe6e81eaab412e7d.css?body=1" for ::1 at 2015-03-23 15:29:03 -0400


Started GET "/assets/jquery-87424c3c19e96d4fb033c10ebe21ec40.js?body=1" for ::1 at 2015-03-23 15:29:03 -0400


Started GET "/assets/application-378c8739237292dbbedfcfe67f3185f0.js?body=1" for ::1 at 2015-03-23 15:29:03 -0400


Started GET "/assets/jquery_ujs-e27bd20a10d28155845a22d71ef94f2f.js?body=1" for ::1 at 2015-03-23 15:29:03 -0400


Started GET "/questions/6" for ::1 at 2015-03-23 15:29:05 -0400
Processing by QuestionsController#show as HTML
  Parameters: {"id"=>"6"}
  [1m[36mQuestion Load (2.5ms)[0m  [1mSELECT  "questions".* FROM "questions" WHERE "questions"."id" = $1 LIMIT 1[0m  [["id", 6]]
  Rendered questions/show.html.erb within layouts/application (0.8ms)
Completed 200 OK in 124ms (Views: 90.8ms | ActiveRecord: 4.3ms)


Started GET "/assets/application-5266d2988799ecc8fe6e81eaab412e7d.css?body=1" for ::1 at 2015-03-23 15:29:06 -0400


Started GET "/assets/jquery_ujs-e27bd20a10d28155845a22d71ef94f2f.js?body=1" for ::1 at 2015-03-23 15:29:06 -0400


Started GET "/assets/application-378c8739237292dbbedfcfe67f3185f0.js?body=1" for ::1 at 2015-03-23 15:29:06 -0400


Started GET "/assets/jquery-87424c3c19e96d4fb033c10ebe21ec40.js?body=1" for ::1 at 2015-03-23 15:29:06 -0400


Started GET "/" for ::1 at 2015-03-23 15:31:37 -0400
Processing by QuestionsController#index as HTML
  [1m[35mQuestion Load (9.7ms)[0m  SELECT "questions".* FROM "questions"  ORDER BY "questions"."created_at" ASC
  Rendered questions/index.html.erb within layouts/application (25.2ms)
Completed 200 OK in 50ms (Views: 31.0ms | ActiveRecord: 14.2ms)


Started GET "/assets/application-5266d2988799ecc8fe6e81eaab412e7d.css?body=1" for ::1 at 2015-03-23 15:31:37 -0400


Started GET "/assets/jquery_ujs-e27bd20a10d28155845a22d71ef94f2f.js?body=1" for ::1 at 2015-03-23 15:31:37 -0400


Started GET "/assets/jquery-87424c3c19e96d4fb033c10ebe21ec40.js?body=1" for ::1 at 2015-03-23 15:31:37 -0400


Started GET "/assets/application-378c8739237292dbbedfcfe67f3185f0.js?body=1" for ::1 at 2015-03-23 15:31:37 -0400


Started GET "/questions/4" for ::1 at 2015-03-23 15:31:43 -0400
Processing by QuestionsController#show as HTML
  Parameters: {"id"=>"4"}
  [1m[36mQuestion Load (0.5ms)[0m  [1mSELECT  "questions".* FROM "questions" WHERE "questions"."id" = $1 LIMIT 1[0m  [["id", 4]]
  Rendered questions/show.html.erb within layouts/application (0.1ms)
Completed 200 OK in 26ms (Views: 22.8ms | ActiveRecord: 0.5ms)


Started GET "/assets/jquery-87424c3c19e96d4fb033c10ebe21ec40.js?body=1" for ::1 at 2015-03-23 15:31:43 -0400


Started GET "/assets/application-5266d2988799ecc8fe6e81eaab412e7d.css?body=1" for ::1 at 2015-03-23 15:31:43 -0400


Started GET "/assets/application-378c8739237292dbbedfcfe67f3185f0.js?body=1" for ::1 at 2015-03-23 15:31:43 -0400


Started GET "/assets/jquery_ujs-e27bd20a10d28155845a22d71ef94f2f.js?body=1" for ::1 at 2015-03-23 15:31:43 -0400


Started GET "/" for ::1 at 2015-03-23 15:46:50 -0400
Processing by QuestionsController#index as HTML
  [1m[35mQuestion Load (0.7ms)[0m  SELECT "questions".* FROM "questions"  ORDER BY "questions"."created_at" ASC
  Rendered questions/index.html.erb within layouts/application (12.7ms)
Completed 200 OK in 44ms (Views: 35.0ms | ActiveRecord: 4.6ms)


Started GET "/assets/application-5266d2988799ecc8fe6e81eaab412e7d.css?body=1" for ::1 at 2015-03-23 15:46:50 -0400


Started GET "/assets/jquery_ujs-e27bd20a10d28155845a22d71ef94f2f.js?body=1" for ::1 at 2015-03-23 15:46:50 -0400


Started GET "/assets/jquery-87424c3c19e96d4fb033c10ebe21ec40.js?body=1" for ::1 at 2015-03-23 15:46:50 -0400


Started GET "/assets/application-378c8739237292dbbedfcfe67f3185f0.js?body=1" for ::1 at 2015-03-23 15:46:50 -0400
  [1m[36mActiveRecord::SchemaMigration Load (1.5ms)[0m  [1mSELECT "schema_migrations".* FROM "schema_migrations"[0m
  [1m[35mActiveRecord::SchemaMigration Load (0.5ms)[0m  SELECT "schema_migrations".* FROM "schema_migrations"
  [1m[36m (7.3ms)[0m  [1mSELECT t2.oid::regclass::text AS to_table, a1.attname AS column, a2.attname AS primary_key, c.conname AS name, c.confupdtype AS on_update, c.confdeltype AS on_delete
FROM pg_constraint c
JOIN pg_class t1 ON c.conrelid = t1.oid
JOIN pg_class t2 ON c.confrelid = t2.oid
JOIN pg_attribute a1 ON a1.attnum = c.conkey[1] AND a1.attrelid = t1.oid
JOIN pg_attribute a2 ON a2.attnum = c.confkey[1] AND a2.attrelid = t2.oid
JOIN pg_namespace t3 ON c.connamespace = t3.oid
WHERE c.contype = 'f'
  AND t1.relname = 'answers'
  AND t3.nspname = ANY (current_schemas(false))
ORDER BY c.conname
[0m
  [1m[35m (6.5ms)[0m  SELECT t2.oid::regclass::text AS to_table, a1.attname AS column, a2.attname AS primary_key, c.conname AS name, c.confupdtype AS on_update, c.confdeltype AS on_delete
FROM pg_constraint c
JOIN pg_class t1 ON c.conrelid = t1.oid
JOIN pg_class t2 ON c.confrelid = t2.oid
JOIN pg_attribute a1 ON a1.attnum = c.conkey[1] AND a1.attrelid = t1.oid
JOIN pg_attribute a2 ON a2.attnum = c.confkey[1] AND a2.attrelid = t2.oid
JOIN pg_namespace t3 ON c.connamespace = t3.oid
WHERE c.contype = 'f'
  AND t1.relname = 'questions'
  AND t3.nspname = ANY (current_schemas(false))
ORDER BY c.conname

  [1m[36m (4.2ms)[0m  [1mSELECT t2.oid::regclass::text AS to_table, a1.attname AS column, a2.attname AS primary_key, c.conname AS name, c.confupdtype AS on_update, c.confdeltype AS on_delete
FROM pg_constraint c
JOIN pg_class t1 ON c.conrelid = t1.oid
JOIN pg_class t2 ON c.confrelid = t2.oid
JOIN pg_attribute a1 ON a1.attnum = c.conkey[1] AND a1.attrelid = t1.oid
JOIN pg_attribute a2 ON a2.attnum = c.confkey[1] AND a2.attrelid = t2.oid
JOIN pg_namespace t3 ON c.connamespace = t3.oid
WHERE c.contype = 'f'
  AND t1.relname = 'users'
  AND t3.nspname = ANY (current_schemas(false))
ORDER BY c.conname
[0m
  [1m[36mActiveRecord::SchemaMigration Load (0.7ms)[0m  [1mSELECT "schema_migrations".* FROM "schema_migrations"[0m
  [1m[35m (0.3ms)[0m  BEGIN
  [1m[36mSQL (2.9ms)[0m  [1mINSERT INTO "users" ("provider", "uid", "username", "email", "created_at", "updated_at") VALUES ($1, $2, $3, $4, $5, $6) RETURNING "id"[0m  [["provider", "github"], ["uid", "9001"], ["username", "emanresu"], ["email", "emanresu@users.com"], ["created_at", "2015-03-24 14:06:36.989431"], ["updated_at", "2015-03-24 14:06:36.989431"]]
PG::UniqueViolation: ERROR:  duplicate key value violates unique constraint "index_users_on_uid_and_provider"
DETAIL:  Key (uid, provider)=(9001, github) already exists.
: INSERT INTO "users" ("provider", "uid", "username", "email", "created_at", "updated_at") VALUES ($1, $2, $3, $4, $5, $6) RETURNING "id"
  [1m[35m (0.2ms)[0m  ROLLBACK
  [1m[36m (123.1ms)[0m  [1mDROP DATABASE IF EXISTS "rescue_mission_test"[0m
  [1m[35m (428.7ms)[0m  CREATE DATABASE "rescue_mission_test" ENCODING = 'unicode'
  [1m[36mSQL (0.6ms)[0m  [1mCREATE EXTENSION IF NOT EXISTS "plpgsql"[0m
  [1m[35m (7.3ms)[0m  CREATE TABLE "answers" ("id" serial primary key, "body" text NOT NULL, "user_id" integer NOT NULL, "question_id" integer NOT NULL, "created_at" timestamp, "updated_at" timestamp) 
  [1m[36m (4.9ms)[0m  [1mCREATE TABLE "questions" ("id" serial primary key, "title" character varying NOT NULL, "description" text, "user_id" integer NOT NULL, "created_at" timestamp, "updated_at" timestamp) [0m
  [1m[35m (5.5ms)[0m  CREATE TABLE "users" ("id" serial primary key, "provider" character varying NOT NULL, "uid" character varying NOT NULL, "username" character varying NOT NULL, "email" character varying, "avatar_url" character varying, "created_at" timestamp, "updated_at" timestamp) 
  [1m[36m (1.8ms)[0m  [1mCREATE UNIQUE INDEX  "index_users_on_uid_and_provider" ON "users" USING btree ("uid", "provider")[0m
  [1m[35m (2.5ms)[0m  CREATE TABLE "schema_migrations" ("version" character varying NOT NULL) 
  [1m[36m (1.4ms)[0m  [1mCREATE UNIQUE INDEX  "unique_schema_migrations" ON "schema_migrations"  ("version")[0m
  [1m[35m (0.6ms)[0m  SELECT version FROM "schema_migrations"
  [1m[36m (0.9ms)[0m  [1mINSERT INTO "schema_migrations" (version) VALUES ('20150323172333')[0m
  [1m[35m (0.7ms)[0m  INSERT INTO "schema_migrations" (version) VALUES ('20150323172318')
  [1m[36m (0.8ms)[0m  [1mINSERT INTO "schema_migrations" (version) VALUES ('20150323172326')[0m


Started GET "/" for ::1 at 2015-03-24 10:09:28 -0400
  [1m[36mActiveRecord::SchemaMigration Load (0.9ms)[0m  [1mSELECT "schema_migrations".* FROM "schema_migrations"[0m
Processing by QuestionsController#index as HTML
  [1m[35mQuestion Load (11.3ms)[0m  SELECT "questions".* FROM "questions"  ORDER BY "questions"."created_at" ASC
  Rendered questions/index.html.erb within layouts/application (29.2ms)
Completed 200 OK in 160ms (Views: 134.6ms | ActiveRecord: 18.5ms)


Started GET "/assets/application-5266d2988799ecc8fe6e81eaab412e7d.css?body=1" for ::1 at 2015-03-24 10:09:29 -0400


Started GET "/assets/jquery_ujs-e27bd20a10d28155845a22d71ef94f2f.js?body=1" for ::1 at 2015-03-24 10:09:29 -0400


Started GET "/assets/jquery-87424c3c19e96d4fb033c10ebe21ec40.js?body=1" for ::1 at 2015-03-24 10:09:29 -0400


Started GET "/assets/application-378c8739237292dbbedfcfe67f3185f0.js?body=1" for ::1 at 2015-03-24 10:09:29 -0400


Started GET "/questions/1" for ::1 at 2015-03-24 10:09:35 -0400
Processing by QuestionsController#show as HTML
  Parameters: {"id"=>"1"}
  [1m[36mQuestion Load (0.4ms)[0m  [1mSELECT  "questions".* FROM "questions" WHERE "questions"."id" = $1 LIMIT 1[0m  [["id", 1]]
  Rendered questions/show.html.erb within layouts/application (0.5ms)
Completed 200 OK in 101ms (Views: 21.5ms | ActiveRecord: 0.7ms)


Started GET "/assets/application-5266d2988799ecc8fe6e81eaab412e7d.css?body=1" for ::1 at 2015-03-24 10:09:35 -0400


Started GET "/assets/jquery-87424c3c19e96d4fb033c10ebe21ec40.js?body=1" for ::1 at 2015-03-24 10:09:35 -0400


Started GET "/assets/application-378c8739237292dbbedfcfe67f3185f0.js?body=1" for ::1 at 2015-03-24 10:09:35 -0400


Started GET "/assets/jquery_ujs-e27bd20a10d28155845a22d71ef94f2f.js?body=1" for ::1 at 2015-03-24 10:09:35 -0400
